#-----------------------------------------------------------
# Vivado v2020.1 (64-bit)
# SW Build 2902540 on Wed May 27 19:54:49 MDT 2020
# IP Build 2902112 on Wed May 27 22:43:36 MDT 2020
# Start of session at: Thu Apr 14 23:37:44 2022
# Process ID: 9340
# Current directory: C:/Users/hasan/Desktop/CS224Labs/Lab04Project/Lab04
# Command line: vivado.exe -gui_launcher_event rodinguilauncherevent10416 C:\Users\hasan\Desktop\CS224Labs\Lab04Project\Lab04\Lab04.xpr
# Log file: C:/Users/hasan/Desktop/CS224Labs/Lab04Project/Lab04/vivado.log
# Journal file: C:/Users/hasan/Desktop/CS224Labs/Lab04Project/Lab04\vivado.jou
#-----------------------------------------------------------
start_gui
open_project C:/Users/hasan/Desktop/CS224Labs/Lab04Project/Lab04/Lab04.xpr
CRITICAL WARNING: [Project 1-19] Could not find the file 'C:/Users/hasan/Desktop/MIPSLite_sim_behav.wcfg'.
Scanning sources...
Finished scanning sources
INFO: [IP_Flow 19-234] Refreshing IP repositories
INFO: [IP_Flow 19-1704] No user IP repositories specified
INFO: [IP_Flow 19-2313] Loaded Vivado IP repository 'C:/Users/hasan/Desktop/Vivado/Vivado/2020.1/data/ip'.
open_project: Time (s): cpu = 00:00:27 ; elapsed = 00:00:10 . Memory (MB): peak = 998.902 ; gain = 0.000
update_compile_order -fileset sources_1
exit
INFO: [Common 17-206] Exiting Vivado at Fri Apr 15 00:07:04 2022...
